<?xml version="1.0" encoding="UTF-8"?>
<!-- Generated by org.testng.reporters.JUnitReportReporter -->
<testsuite hostname="DESKTOP-A0CUFSI" failures="0" tests="3" name="practice.DataproviderTest" time="200.620" errors="0" timestamp="2022-10-14T13:31:00 IST" skipped="0">
  <testcase classname="practice.DataproviderTest" name="createContact" time="135.649"/>
  <system-out/>
  <testcase classname="practice.DataproviderTest" name="createContact" time="33.216"/>
  <system-out/>
  <testcase classname="practice.DataproviderTest" name="createContact" time="31.755"/>
  <system-out/>
</testsuite> <!-- practice.DataproviderTest -->
