<?xml version="1.0" encoding="UTF-8"?>
<!-- Generated by org.testng.reporters.JUnitReportReporter -->
<testsuite hostname="DESKTOP-A0CUFSI" failures="0" tests="3" name="practice.Sample" time="0.044" errors="0" timestamp="04 Oct 2022 06:29:49 GMT" skipped="0">
  <testcase classname="practice.Sample" name="createcustomer" time="0.029"/>
  <testcase classname="practice.Sample" name="modifycustomer" time="0.006"/>
  <testcase classname="practice.Sample" name="deletecustomer" time="0.009"/>
</testsuite> <!-- practice.Sample -->
