<?xml version="1.0" encoding="UTF-8"?>
<!-- Generated by org.testng.reporters.JUnitReportReporter -->
<testsuite hostname="DESKTOP-A0CUFSI" failures="0" tests="3" name="practice.SampleTest" time="0.047" errors="0" timestamp="2022-10-04T14:28:30 IST" skipped="0">
  <testcase classname="practice.SampleTest" name="createcustomerTest" time="0.034"/>
  <system-out/>
  <testcase classname="practice.SampleTest" name="deletecustomerTest" time="0.006"/>
  <system-out/>
  <testcase classname="practice.SampleTest" name="modifycustomerTest" time="0.007"/>
  <system-out/>
</testsuite> <!-- practice.SampleTest -->
