<?xml version="1.0" encoding="UTF-8"?>
<!-- Generated by org.testng.reporters.JUnitReportReporter -->
<testsuite hostname="DESKTOP-A0CUFSI" failures="0" tests="1" name="practice.RunparameterTest" time="223.412" errors="0" timestamp="2022-10-11T13:45:53 IST" skipped="0">
  <testcase classname="practice.RunparameterTest" name="method" time="223.412"/>
  <system-out/>
</testsuite> <!-- practice.RunparameterTest -->
